<?xml version="1.0" encoding="UTF-8"?>
<testng-results ignored="0" total="2" passed="2" failed="0" skipped="0">
  <reporter-output>
  </reporter-output>
  <suite started-at="2020-10-21T18:07:29 IST" name="Default suite" finished-at="2020-10-21T18:08:25 IST" duration-ms="55461">
    <groups>
    </groups>
    <test started-at="2020-10-21T18:07:29 IST" name="Default test" finished-at="2020-10-21T18:08:25 IST" duration-ms="55461">
      <class name="TestCases.TestCases">
        <test-method signature="VarifyFBLogin()[pri:0, instance:TestCases.TestCases@38e79ae3]" started-at="2020-10-21T18:07:29 IST" name="VarifyFBLogin" finished-at="2020-10-21T18:08:04 IST" duration-ms="34670" status="PASS">
          <reporter-output>
          </reporter-output>
        </test-method> <!-- VarifyFBLogin -->
        <test-method signature="varifyLogin()[pri:0, instance:TestCases.TestCases@38e79ae3]" started-at="2020-10-21T18:08:04 IST" name="varifyLogin" finished-at="2020-10-21T18:08:25 IST" duration-ms="20656" status="PASS">
          <reporter-output>
          </reporter-output>
        </test-method> <!-- varifyLogin -->
      </class> <!-- TestCases.TestCases -->
    </test> <!-- Default test -->
  </suite> <!-- Default suite -->
</testng-results>
